<?xml version="1.0" encoding="UTF-8"?>
<!-- Generated by org.testng.reporters.JUnitXMLReporter -->
<testsuite ignored="1" hostname="DESKTOP-9UL3VCG" failures="0" tests="1" name="Default test" time="2.878" errors="0" timestamp="2024-07-02T08:37:16 IST">
  <testcase classname="day4.TestResponseJsonData" name="parsingJsonResponse2" time="2.82"/>
  <testcase classname="day4.TestResponseJsonData" name="parsingJsonResponse" time="0.0">
    <ignored/>
  </testcase> <!-- parsingJsonResponse -->
</testsuite> <!-- Default test -->
