<?xml version="1.0" encoding="UTF-8"?>
<testng-results ignored="0" total="1" passed="1" failed="0" skipped="0">
  <reporter-output>
  </reporter-output>
  <suite started-at="2024-06-29T13:34:06 IST" name="Default suite" finished-at="2024-06-29T13:34:10 IST" duration-ms="4146">
    <groups>
    </groups>
    <test started-at="2024-06-29T13:34:06 IST" name="Default test" finished-at="2024-06-29T13:34:10 IST" duration-ms="4146">
      <class name="Day1.HttpRequests">
        <test-method signature="getUser()[pri:0, instance:Day1.HttpRequests@53fe15ff]" started-at="2024-06-29T13:34:06 IST" name="getUser" finished-at="2024-06-29T13:34:10 IST" duration-ms="4078" status="PASS">
          <reporter-output>
          </reporter-output>
        </test-method> <!-- getUser -->
      </class> <!-- Day1.HttpRequests -->
    </test> <!-- Default test -->
  </suite> <!-- Default suite -->
</testng-results>
