<?xml version="1.0" encoding="UTF-8"?>
<testng-results ignored="0" total="2" passed="2" failed="0" skipped="0">
  <reporter-output>
  </reporter-output>
  <suite started-at="2024-06-30T17:59:55 IST" name="Default suite" finished-at="2024-06-30T17:59:59 IST" duration-ms="3849">
    <groups>
    </groups>
    <test started-at="2024-06-30T17:59:55 IST" name="Default test" finished-at="2024-06-30T17:59:59 IST" duration-ms="3849">
      <class name="day2.PostUsingPOJOclass">
        <test-method signature="testDelete()[pri:0, instance:day2.PostUsingPOJOclass@53fe15ff]" started-at="2024-06-30T17:59:55 IST" name="testDelete" finished-at="2024-06-30T17:59:57 IST" duration-ms="2052" status="PASS">
          <reporter-output>
          </reporter-output>
        </test-method> <!-- testDelete -->
        <test-method signature="testPostusingHashMap()[pri:1, instance:day2.PostUsingPOJOclass@53fe15ff]" started-at="2024-06-30T17:59:57 IST" name="testPostusingHashMap" finished-at="2024-06-30T17:59:59 IST" duration-ms="1731" status="PASS">
          <reporter-output>
          </reporter-output>
        </test-method> <!-- testPostusingHashMap -->
      </class> <!-- day2.PostUsingPOJOclass -->
    </test> <!-- Default test -->
  </suite> <!-- Default suite -->
</testng-results>
